[2023-03-23 23:14:27,343] {manager.py:474} INFO - Processing files using up to 2 processes at a time 
[2023-03-23 23:14:27,352] {manager.py:475} INFO - Process each file at most once every 30 seconds
[2023-03-23 23:14:27,363] {manager.py:476} INFO - Checking for new files in /opt/airflow/dags every 300 seconds
[2023-03-23 23:14:27,375] {manager.py:684} INFO - Searching for files in /opt/airflow/dags
[2023-03-23 23:14:27,509] {manager.py:687} INFO - There are 1 files in /opt/airflow/dags
[2023-03-23 23:14:27,646] {manager.py:803} INFO - 
================================================================================
DAG File Processing Stats

File Path                        PID  Runtime      # DAGs    # Errors  Last Runtime    Last Run
-----------------------------  -----  ---------  --------  ----------  --------------  ----------
/opt/airflow/dags/jobs_dag.py     46  0.02s             0           0
================================================================================
[2023-03-23 23:14:57,711] {manager.py:803} INFO - 
================================================================================
DAG File Processing Stats

File Path                      PID    Runtime      # DAGs    # Errors  Last Runtime    Last Run
-----------------------------  -----  ---------  --------  ----------  --------------  -------------------
/opt/airflow/dags/jobs_dag.py                           1           0  0.70s           2023-03-23T23:14:28
================================================================================
[2023-03-23 23:15:28,479] {manager.py:803} INFO - 
================================================================================
DAG File Processing Stats

File Path                      PID    Runtime      # DAGs    # Errors  Last Runtime    Last Run
-----------------------------  -----  ---------  --------  ----------  --------------  -------------------
/opt/airflow/dags/jobs_dag.py                           1           0  0.14s           2023-03-23T23:14:58
================================================================================
[2023-03-23 23:15:58,665] {manager.py:803} INFO - 
================================================================================
DAG File Processing Stats

File Path                      PID    Runtime      # DAGs    # Errors  Last Runtime    Last Run
-----------------------------  -----  ---------  --------  ----------  --------------  -------------------
/opt/airflow/dags/jobs_dag.py                           1           0  0.14s           2023-03-23T23:15:28
================================================================================
[2023-03-23 23:16:28,864] {manager.py:803} INFO - 
================================================================================
DAG File Processing Stats

File Path                      PID    Runtime      # DAGs    # Errors  Last Runtime    Last Run
-----------------------------  -----  ---------  --------  ----------  --------------  -------------------
/opt/airflow/dags/jobs_dag.py                           1           0  0.15s           2023-03-23T23:15:58
================================================================================
[2023-03-23 23:16:59,071] {manager.py:803} INFO - 
================================================================================
DAG File Processing Stats

File Path                      PID    Runtime      # DAGs    # Errors  Last Runtime    Last Run
-----------------------------  -----  ---------  --------  ----------  --------------  -------------------
/opt/airflow/dags/jobs_dag.py                           1           0  0.15s           2023-03-23T23:16:29
================================================================================
[2023-03-23 23:17:29,308] {manager.py:803} INFO - 
================================================================================
DAG File Processing Stats

File Path                      PID    Runtime      # DAGs    # Errors  Last Runtime    Last Run
-----------------------------  -----  ---------  --------  ----------  --------------  -------------------
/opt/airflow/dags/jobs_dag.py                           1           0  0.15s           2023-03-23T23:16:59
================================================================================
[2023-03-23 23:17:59,579] {manager.py:803} INFO - 
================================================================================
DAG File Processing Stats

File Path                      PID    Runtime      # DAGs    # Errors  Last Runtime    Last Run
-----------------------------  -----  ---------  --------  ----------  --------------  -------------------
/opt/airflow/dags/jobs_dag.py                           1           0  0.13s           2023-03-23T23:17:29
================================================================================
